<?xml version="1.0" encoding="UTF-8"?>
<!-- Generated by org.testng.reporters.JUnitReportReporter -->
<testsuite hostname="Priya" failures="0" tests="1" name="org.testing.TestScripts.TC4_PutRequest" time="0.062" errors="0" timestamp="2024-06-12T20:25:58 IST" skipped="0">
  <testcase classname="org.testing.TestScripts.TC4_PutRequest" name="testCase4" time="0.062"/>
  <system-out/>
</testsuite> <!-- org.testing.TestScripts.TC4_PutRequest -->
