<?xml version="1.0" encoding="UTF-8"?>
<!-- Generated by org.testng.reporters.JUnitReportReporter -->
<testsuite hostname="Priya" failures="0" tests="1" name="org.testing.TestScripts.TC2_GetAllRequest" time="0.063" errors="0" timestamp="2024-06-08T20:16:09 IST" skipped="0">
  <testcase classname="org.testing.TestScripts.TC2_GetAllRequest" name="testcase2" time="0.063"/>
  <system-out/>
</testsuite> <!-- org.testing.TestScripts.TC2_GetAllRequest -->
