<?xml version="1.0" encoding="UTF-8"?>
<!-- Generated by org.testng.reporters.JUnitReportReporter -->
<testsuite hostname="Priya" failures="0" tests="1" name="org.testing.TestScripts.TC6_GetAllRequest2" time="3.061" errors="0" timestamp="2024-06-12T20:25:58 IST" skipped="0">
  <testcase classname="org.testing.TestScripts.TC6_GetAllRequest2" name="testCase6" time="3.061"/>
  <system-out/>
</testsuite> <!-- org.testing.TestScripts.TC6_GetAllRequest2 -->
